Fri Jun 21 15:29:46 FET 2013  [debug] AvalonLogSystem initialized using logfile 'velocity.log'
Fri Jun 21 15:29:46 FET 2013   [info] ************************************************************** 
Fri Jun 21 15:29:46 FET 2013   [info] Starting Jakarta Velocity v1.4
Fri Jun 21 15:29:46 FET 2013   [info] RuntimeInstance initializing.
Fri Jun 21 15:29:46 FET 2013   [info] Default Properties File: org\apache\velocity\runtime\defaults\velocity.properties
Fri Jun 21 15:29:46 FET 2013   [info] Trying to use logger class org.apache.velocity.runtime.log.AvalonLogSystem
Fri Jun 21 15:29:46 FET 2013   [info] Using logger class org.apache.velocity.runtime.log.AvalonLogSystem
Fri Jun 21 15:29:46 FET 2013   [info] Default ResourceManager initializing. (class org.apache.velocity.runtime.resource.ResourceManagerImpl)
Fri Jun 21 15:29:46 FET 2013   [info] Resource Loader Instantiated: org.apache.velocity.runtime.resource.loader.ClasspathResourceLoader
Fri Jun 21 15:29:46 FET 2013   [info] ClasspathResourceLoader : initialization starting.
Fri Jun 21 15:29:46 FET 2013   [info] ClasspathResourceLoader : initialization complete.
Fri Jun 21 15:29:46 FET 2013   [info] ResourceCache : initialized. (class org.apache.velocity.runtime.resource.ResourceCacheImpl)
Fri Jun 21 15:29:46 FET 2013   [info] Default ResourceManager initialization complete.
Fri Jun 21 15:29:46 FET 2013   [info] Loaded System Directive: org.apache.velocity.runtime.directive.Literal
Fri Jun 21 15:29:46 FET 2013   [info] Loaded System Directive: org.apache.velocity.runtime.directive.Macro
Fri Jun 21 15:29:46 FET 2013   [info] Loaded System Directive: org.apache.velocity.runtime.directive.Parse
Fri Jun 21 15:29:46 FET 2013   [info] Loaded System Directive: org.apache.velocity.runtime.directive.Include
Fri Jun 21 15:29:46 FET 2013   [info] Loaded System Directive: org.apache.velocity.runtime.directive.Foreach
Fri Jun 21 15:29:46 FET 2013   [info] Created: 20 parsers.
Fri Jun 21 15:29:46 FET 2013   [info] Velocimacro : initialization starting.
Fri Jun 21 15:29:46 FET 2013   [info] Velocimacro : adding VMs from VM library template : VM_global_library.vm
Fri Jun 21 15:29:46 FET 2013  [error] ResourceManager : unable to find resource 'VM_global_library.vm' in any resource loader.
Fri Jun 21 15:29:46 FET 2013   [info] Velocimacro : error using  VM library template VM_global_library.vm : org.apache.velocity.exception.ResourceNotFoundException: Unable to find resource 'VM_global_library.vm'
Fri Jun 21 15:29:46 FET 2013   [info] Velocimacro :  VM library template macro registration complete.
Fri Jun 21 15:29:46 FET 2013   [info] Velocimacro : allowInline = true : VMs can be defined inline in templates
Fri Jun 21 15:29:46 FET 2013   [info] Velocimacro : allowInlineToOverride = false : VMs defined inline may NOT replace previous VM definitions
Fri Jun 21 15:29:46 FET 2013   [info] Velocimacro : allowInlineLocal = false : VMs defined inline will be  global in scope if allowed.
Fri Jun 21 15:29:46 FET 2013   [info] Velocimacro : messages on  : VM system will output logging messages
Fri Jun 21 15:29:46 FET 2013   [info] Velocimacro : autoload off  : VM system will not automatically reload global library macros
Fri Jun 21 15:29:46 FET 2013   [info] Velocimacro : initialization complete.
Fri Jun 21 15:29:46 FET 2013   [info] Velocity successfully started.
Fri Jun 21 15:30:16 FET 2013   [info] ResourceManager : found org/uncommons/reportng/templates/xml/results.xml.vm with loader org.apache.velocity.runtime.resource.loader.ClasspathResourceLoader
Fri Jun 21 15:30:16 FET 2013   [info] ResourceManager : found org/uncommons/reportng/templates/xml/results.xml.vm with loader org.apache.velocity.runtime.resource.loader.ClasspathResourceLoader
Fri Jun 21 15:30:16 FET 2013   [info] ResourceManager : found org/uncommons/reportng/templates/html/index.html.vm with loader org.apache.velocity.runtime.resource.loader.ClasspathResourceLoader
Fri Jun 21 15:30:16 FET 2013   [info] ResourceManager : found org/uncommons/reportng/templates/html/overview.html.vm with loader org.apache.velocity.runtime.resource.loader.ClasspathResourceLoader
Fri Jun 21 15:30:16 FET 2013   [info] ResourceManager : found org/uncommons/reportng/templates/html/suites.html.vm with loader org.apache.velocity.runtime.resource.loader.ClasspathResourceLoader
Fri Jun 21 15:30:16 FET 2013   [info] ResourceManager : found org/uncommons/reportng/templates/html/groups.html.vm with loader org.apache.velocity.runtime.resource.loader.ClasspathResourceLoader
Fri Jun 21 15:30:16 FET 2013   [info] ResourceManager : found org/uncommons/reportng/templates/html/results.html.vm with loader org.apache.velocity.runtime.resource.loader.ClasspathResourceLoader
Fri Jun 21 15:30:16 FET 2013   [info] ResourceManager : found org/uncommons/reportng/templates/html/class-results.html.vm with loader org.apache.velocity.runtime.resource.loader.ClasspathResourceLoader
Fri Jun 21 15:30:16 FET 2013   [info] ResourceManager : found org/uncommons/reportng/templates/html/class-results.html.vm with loader org.apache.velocity.runtime.resource.loader.ClasspathResourceLoader
